[INFO] Scanning for projects...
[INFO] 
[INFO] ----------------------< com.spring:config-server >----------------------
[INFO] Building config-server 0.0.1-SNAPSHOT
[INFO]   from pom.xml
[INFO] --------------------------------[ jar ]---------------------------------
[INFO] 
[INFO] >>> spring-boot:3.5.4:run (default-cli) > test-compile @ config-server >>>
[INFO] 
[INFO] --- resources:3.3.1:resources (default-resources) @ config-server ---
[INFO] Copying 1 resource from src/main/resources to target/classes
[INFO] Copying 6 resources from src/main/resources to target/classes
[INFO] 
[INFO] --- compiler:3.14.0:compile (default-compile) @ config-server ---
[INFO] Nothing to compile - all classes are up to date.
[INFO] 
[INFO] --- resources:3.3.1:testResources (default-testResources) @ config-server ---
[INFO] skip non existing resourceDirectory /home/kamhassan/Desktop/Projects/SmartPOS/micro-services/config-server/src/test/resources
[INFO] 
[INFO] --- compiler:3.14.0:testCompile (default-testCompile) @ config-server ---
[INFO] Recompiling the module because of changed source code.
[INFO] Compiling 2 source files with javac [debug parameters release 21] to target/test-classes
[INFO] /home/kamhassan/Desktop/Projects/SmartPOS/micro-services/config-server/src/test/java/com/spring/configserver/ControllerTest.java: /home/kamhassan/Desktop/Projects/SmartPOS/micro-services/config-server/src/test/java/com/spring/configserver/ControllerTest.java uses unchecked or unsafe operations.
[INFO] /home/kamhassan/Desktop/Projects/SmartPOS/micro-services/config-server/src/test/java/com/spring/configserver/ControllerTest.java: Recompile with -Xlint:unchecked for details.
[INFO] 
[INFO] <<< spring-boot:3.5.4:run (default-cli) < test-compile @ config-server <<<
[INFO] 
[INFO] 
[INFO] --- spring-boot:3.5.4:run (default-cli) @ config-server ---
[INFO] Attaching agents: []

  .   ____          _            __ _ _
 /\\ / ___'_ __ _ _(_)_ __  __ _ \ \ \ \
( ( )\___ | '_ | '_| | '_ \/ _` | \ \ \ \
 \\/  ___)| |_)| | | | | || (_| |  ) ) ) )
  '  |____| .__|_| |_|_| |_\__, | / / / /
 =========|_|==============|___/=/_/_/_/

 :: Spring Boot ::                (v3.5.4)

2025-08-16T22:37:33.771-04:00  INFO 36090 --- [config-server] [           main] c.s.c.ConfigServerApplication            : Starting ConfigServerApplication using Java 21.0.7 with PID 36090 (/home/kamhassan/Desktop/Projects/SmartPOS/micro-services/config-server/target/classes started by kamhassan in /home/kamhassan/Desktop/Projects/SmartPOS/micro-services/config-server)
2025-08-16T22:37:33.773-04:00  INFO 36090 --- [config-server] [           main] c.s.c.ConfigServerApplication            : No active profile set, falling back to 1 default profile: "default"
2025-08-16T22:37:34.795-04:00  INFO 36090 --- [config-server] [           main] o.s.cloud.context.scope.GenericScope     : BeanFactory id=5f2fee6c-35fc-35b2-8dcc-94070307554c
2025-08-16T22:37:35.072-04:00  INFO 36090 --- [config-server] [           main] o.s.b.w.embedded.tomcat.TomcatWebServer  : Tomcat initialized with port 8888 (http)
2025-08-16T22:37:35.089-04:00  INFO 36090 --- [config-server] [           main] o.apache.catalina.core.StandardService   : Starting service [Tomcat]
2025-08-16T22:37:35.089-04:00  INFO 36090 --- [config-server] [           main] o.apache.catalina.core.StandardEngine    : Starting Servlet engine: [Apache Tomcat/10.1.43]
2025-08-16T22:37:35.138-04:00  INFO 36090 --- [config-server] [           main] o.a.c.c.C.[Tomcat].[localhost].[/]       : Initializing Spring embedded WebApplicationContext
2025-08-16T22:37:35.140-04:00  INFO 36090 --- [config-server] [           main] w.s.c.ServletWebServerApplicationContext : Root WebApplicationContext: initialization completed in 1329 ms
2025-08-16T22:37:36.626-04:00  INFO 36090 --- [config-server] [           main] o.s.b.a.e.web.EndpointLinksResolver      : Exposing 1 endpoint beneath base path '/actuator'
2025-08-16T22:37:36.778-04:00  INFO 36090 --- [config-server] [           main] o.s.b.w.embedded.tomcat.TomcatWebServer  : Tomcat started on port 8888 (http) with context path '/'
2025-08-16T22:37:36.833-04:00  INFO 36090 --- [config-server] [           main] c.s.c.ConfigServerApplication            : Started ConfigServerApplication in 3.52 seconds (process running for 4.102)
2025-08-16T22:37:38.769-04:00  INFO 36090 --- [config-server] [nio-8888-exec-1] o.a.c.c.C.[Tomcat].[localhost].[/]       : Initializing Spring DispatcherServlet 'dispatcherServlet'
2025-08-16T22:37:38.769-04:00  INFO 36090 --- [config-server] [nio-8888-exec-1] o.s.web.servlet.DispatcherServlet        : Initializing Servlet 'dispatcherServlet'
2025-08-16T22:37:38.771-04:00  INFO 36090 --- [config-server] [nio-8888-exec-1] o.s.web.servlet.DispatcherServlet        : Completed initialization in 2 ms
2025-08-16T22:37:40.320-04:00  INFO 36090 --- [config-server] [nio-8888-exec-1] o.s.c.c.s.e.NativeEnvironmentRepository  : Adding property source: Config resource 'file [/tmp/config-repo-12998387590476901624/eureka-server.yml]' via location 'file:/tmp/config-repo-12998387590476901624/'
2025-08-16T22:37:44.557-04:00  INFO 36090 --- [config-server] [nio-8888-exec-2] o.s.c.c.s.e.NativeEnvironmentRepository  : Adding property source: Config resource 'file [/tmp/config-repo-12998387590476901624/api-gateway.yml]' via location 'file:/tmp/config-repo-12998387590476901624/'
2025-08-16T22:37:51.130-04:00  INFO 36090 --- [config-server] [nio-8888-exec-5] o.s.c.c.s.e.NativeEnvironmentRepository  : Adding property source: Config resource 'file [/tmp/config-repo-12998387590476901624/inventory-service.yml]' via location 'file:/tmp/config-repo-12998387590476901624/'
2025-08-16T22:37:57.460-04:00  INFO 36090 --- [config-server] [nio-8888-exec-4] o.s.c.c.s.e.NativeEnvironmentRepository  : Adding property source: Config resource 'file [/tmp/config-repo-12998387590476901624/product-service.yml]' via location 'file:/tmp/config-repo-12998387590476901624/'
2025-08-16T22:38:03.512-04:00  INFO 36090 --- [config-server] [nio-8888-exec-3] o.s.c.c.s.e.NativeEnvironmentRepository  : Adding property source: Config resource 'file [/tmp/config-repo-12998387590476901624/payment-service.yml]' via location 'file:/tmp/config-repo-12998387590476901624/'
2025-08-16T22:38:08.522-04:00  INFO 36090 --- [config-server] [nio-8888-exec-6] o.s.c.c.s.e.NativeEnvironmentRepository  : Adding property source: Config resource 'file [/tmp/config-repo-12998387590476901624/order-service.yml]' via location 'file:/tmp/config-repo-12998387590476901624/'
[INFO] ------------------------------------------------------------------------
[INFO] BUILD FAILURE
[INFO] ------------------------------------------------------------------------
[INFO] Total time:  05:26 min
[INFO] Finished at: 2025-08-16T22:42:55-04:00
[INFO] ------------------------------------------------------------------------
[ERROR] Failed to execute goal org.springframework.boot:spring-boot-maven-plugin:3.5.4:run (default-cli) on project config-server: Process terminated with exit code: 137 -> [Help 1]
[ERROR] 
[ERROR] To see the full stack trace of the errors, re-run Maven with the -e switch.
[ERROR] Re-run Maven using the -X switch to enable full debug logging.
[ERROR] 
[ERROR] For more information about the errors and possible solutions, please read the following articles:
[ERROR] [Help 1] http://cwiki.apache.org/confluence/display/MAVEN/MojoExecutionException
