[INFO] Scanning for projects...
[INFO] 
[INFO] ----------------------< com.spring:eureka-server >----------------------
[INFO] Building eureka-server 0.0.1-SNAPSHOT
[INFO]   from pom.xml
[INFO] --------------------------------[ jar ]---------------------------------
[INFO] 
[INFO] >>> spring-boot:3.5.4:run (default-cli) > test-compile @ eureka-server >>>
[INFO] 
[INFO] --- resources:3.3.1:resources (default-resources) @ eureka-server ---
[INFO] Copying 1 resource from src/main/resources to target/classes
[INFO] Copying 0 resource from src/main/resources to target/classes
[INFO] 
[INFO] --- compiler:3.14.0:compile (default-compile) @ eureka-server ---
[INFO] Nothing to compile - all classes are up to date.
[INFO] 
[INFO] --- resources:3.3.1:testResources (default-testResources) @ eureka-server ---
[INFO] skip non existing resourceDirectory /home/kamhassan/Desktop/Projects/SmartPOS/micro-services/eureka-server/src/test/resources
[INFO] 
[INFO] --- compiler:3.14.0:testCompile (default-testCompile) @ eureka-server ---
[INFO] Nothing to compile - all classes are up to date.
[INFO] 
[INFO] <<< spring-boot:3.5.4:run (default-cli) < test-compile @ eureka-server <<<
[INFO] 
[INFO] 
[INFO] --- spring-boot:3.5.4:run (default-cli) @ eureka-server ---
[INFO] Attaching agents: []

  .   ____          _            __ _ _
 /\\ / ___'_ __ _ _(_)_ __  __ _ \ \ \ \
( ( )\___ | '_ | '_| | '_ \/ _` | \ \ \ \
 \\/  ___)| |_)| | | | | || (_| |  ) ) ) )
  '  |____| .__|_| |_|_| |_\__, | / / / /
 =========|_|==============|___/=/_/_/_/

 :: Spring Boot ::                (v3.5.4)

2025-08-16T22:37:40.805-04:00  INFO 36317 --- [eureka-server] [           main] c.s.e.EurekaServerApplication            : Starting EurekaServerApplication using Java 21.0.7 with PID 36317 (/home/kamhassan/Desktop/Projects/SmartPOS/micro-services/eureka-server/target/classes started by kamhassan in /home/kamhassan/Desktop/Projects/SmartPOS/micro-services/eureka-server)
2025-08-16T22:37:40.808-04:00  INFO 36317 --- [eureka-server] [           main] c.s.e.EurekaServerApplication            : No active profile set, falling back to 1 default profile: "default"
2025-08-16T22:37:40.876-04:00  INFO 36317 --- [eureka-server] [           main] o.s.c.c.c.ConfigServerConfigDataLoader   : Fetching config from server at : http://localhost:8888
2025-08-16T22:37:40.876-04:00  INFO 36317 --- [eureka-server] [           main] o.s.c.c.c.ConfigServerConfigDataLoader   : Located environment: name=eureka-server, profiles=[default], label=null, version=9fb863bef91a2c51304a5281954b948fafa1df27, state=
2025-08-16T22:37:42.582-04:00  INFO 36317 --- [eureka-server] [           main] o.s.cloud.context.scope.GenericScope     : BeanFactory id=8af57627-77aa-3fde-a75e-2d67a2c414ac
2025-08-16T22:37:42.975-04:00  INFO 36317 --- [eureka-server] [           main] o.s.b.w.embedded.tomcat.TomcatWebServer  : Tomcat initialized with port 8761 (http)
2025-08-16T22:37:42.993-04:00  INFO 36317 --- [eureka-server] [           main] o.apache.catalina.core.StandardService   : Starting service [Tomcat]
2025-08-16T22:37:42.994-04:00  INFO 36317 --- [eureka-server] [           main] o.apache.catalina.core.StandardEngine    : Starting Servlet engine: [Apache Tomcat/10.1.43]
2025-08-16T22:37:43.054-04:00  INFO 36317 --- [eureka-server] [           main] o.a.c.c.C.[Tomcat].[localhost].[/]       : Initializing Spring embedded WebApplicationContext
2025-08-16T22:37:43.056-04:00  INFO 36317 --- [eureka-server] [           main] w.s.c.ServletWebServerApplicationContext : Root WebApplicationContext: initialization completed in 2177 ms
2025-08-16T22:37:44.032-04:00  INFO 36317 --- [eureka-server] [           main] c.n.d.provider.DiscoveryJerseyProvider   : Using JSON encoding codec LegacyJacksonJson
2025-08-16T22:37:44.033-04:00  INFO 36317 --- [eureka-server] [           main] c.n.d.provider.DiscoveryJerseyProvider   : Using JSON decoding codec LegacyJacksonJson
2025-08-16T22:37:44.208-04:00  INFO 36317 --- [eureka-server] [           main] c.n.d.provider.DiscoveryJerseyProvider   : Using XML encoding codec XStreamXml
2025-08-16T22:37:44.208-04:00  INFO 36317 --- [eureka-server] [           main] c.n.d.provider.DiscoveryJerseyProvider   : Using XML decoding codec XStreamXml
2025-08-16T22:37:44.388-04:00  INFO 36317 --- [eureka-server] [           main] o.s.v.b.OptionalValidatorFactoryBean     : Failed to set up a Bean Validation provider: jakarta.validation.NoProviderFoundException: Unable to create a Configuration, because no Jakarta Bean Validation provider could be found. Add a provider like Hibernate Validator (RI) to your classpath.
2025-08-16T22:37:45.130-04:00  WARN 36317 --- [eureka-server] [           main] iguration$LoadBalancerCaffeineWarnLogger : Spring Cloud LoadBalancer is currently working with the default cache. While this cache implementation is useful for development and tests, it's recommended to use Caffeine cache in production.You can switch to using Caffeine cache, by adding it and org.springframework.cache.caffeine.CaffeineCacheManager to the classpath.
2025-08-16T22:37:45.154-04:00  INFO 36317 --- [eureka-server] [           main] o.s.c.n.eureka.InstanceInfoFactory       : Setting initial instance status as: STARTING
2025-08-16T22:37:45.176-04:00  INFO 36317 --- [eureka-server] [           main] com.netflix.discovery.DiscoveryClient    : Initializing Eureka in region us-east-1
2025-08-16T22:37:45.177-04:00  INFO 36317 --- [eureka-server] [           main] com.netflix.discovery.DiscoveryClient    : Client configured to neither register nor query for data.
2025-08-16T22:37:45.181-04:00  INFO 36317 --- [eureka-server] [           main] com.netflix.discovery.DiscoveryClient    : Discovery Client initialized at timestamp 1755398265181 with initial instances count: 0
2025-08-16T22:37:45.223-04:00  INFO 36317 --- [eureka-server] [           main] c.n.eureka.DefaultEurekaServerContext    : Initializing ...
2025-08-16T22:37:45.225-04:00  WARN 36317 --- [eureka-server] [           main] c.n.eureka.cluster.PeerEurekaNodes       : The replica size seems to be empty. Check the route 53 DNS Registry
2025-08-16T22:37:45.233-04:00  INFO 36317 --- [eureka-server] [           main] c.n.e.registry.AbstractInstanceRegistry  : Finished initializing remote region registries. All known remote regions: []
2025-08-16T22:37:45.233-04:00  INFO 36317 --- [eureka-server] [           main] c.n.eureka.DefaultEurekaServerContext    : Initialized
2025-08-16T22:37:45.243-04:00  INFO 36317 --- [eureka-server] [           main] o.s.b.a.e.web.EndpointLinksResolver      : Exposing 2 endpoints beneath base path '/actuator'
2025-08-16T22:37:45.296-04:00  INFO 36317 --- [eureka-server] [           main] o.s.c.n.e.s.EurekaServiceRegistry        : Registering application EUREKA-SERVER with eureka with status UP
2025-08-16T22:37:45.307-04:00  INFO 36317 --- [eureka-server] [       Thread-9] o.s.c.n.e.server.EurekaServerBootstrap   : isAws returned false
2025-08-16T22:37:45.308-04:00  INFO 36317 --- [eureka-server] [       Thread-9] o.s.c.n.e.server.EurekaServerBootstrap   : Initialized server context
2025-08-16T22:37:45.308-04:00  INFO 36317 --- [eureka-server] [       Thread-9] c.n.e.r.PeerAwareInstanceRegistryImpl    : Got 1 instances from neighboring DS node
2025-08-16T22:37:45.308-04:00  INFO 36317 --- [eureka-server] [       Thread-9] c.n.e.r.PeerAwareInstanceRegistryImpl    : Renew threshold is: 1
2025-08-16T22:37:45.308-04:00  INFO 36317 --- [eureka-server] [       Thread-9] c.n.e.r.PeerAwareInstanceRegistryImpl    : Changing status to UP
2025-08-16T22:37:45.311-04:00  INFO 36317 --- [eureka-server] [       Thread-9] e.s.EurekaServerInitializerConfiguration : Started Eureka Server
2025-08-16T22:37:45.312-04:00  INFO 36317 --- [eureka-server] [           main] o.s.b.w.embedded.tomcat.TomcatWebServer  : Tomcat started on port 8761 (http) with context path '/'
2025-08-16T22:37:45.313-04:00  INFO 36317 --- [eureka-server] [           main] .s.c.n.e.s.EurekaAutoServiceRegistration : Updating port to 8761
2025-08-16T22:37:45.337-04:00  INFO 36317 --- [eureka-server] [           main] c.s.e.EurekaServerApplication            : Started EurekaServerApplication in 7.352 seconds (process running for 7.822)
2025-08-16T22:37:47.611-04:00  INFO 36317 --- [eureka-server] [nio-8761-exec-1] o.a.c.c.C.[Tomcat].[localhost].[/]       : Initializing Spring DispatcherServlet 'dispatcherServlet'
2025-08-16T22:37:47.612-04:00  INFO 36317 --- [eureka-server] [nio-8761-exec-1] o.s.web.servlet.DispatcherServlet        : Initializing Servlet 'dispatcherServlet'
2025-08-16T22:37:47.614-04:00  INFO 36317 --- [eureka-server] [nio-8761-exec-1] o.s.web.servlet.DispatcherServlet        : Completed initialization in 2 ms
2025-08-16T22:37:47.912-04:00  INFO 36317 --- [eureka-server] [nio-8761-exec-2] c.n.e.registry.AbstractInstanceRegistry  : Registered instance API-GATEWAY/kamsurface:api-gateway:8060 with status UP (replication=false)
2025-08-16T22:37:56.377-04:00  INFO 36317 --- [eureka-server] [nio-8761-exec-4] c.n.e.registry.AbstractInstanceRegistry  : Registered instance INVENTORY-SERVICE/kamsurface:inventory-service:8042 with status UP (replication=false)
2025-08-16T22:38:02.534-04:00  INFO 36317 --- [eureka-server] [nio-8761-exec-6] c.n.e.registry.AbstractInstanceRegistry  : Registered instance PRODUCT-SERVICE/kamsurface:product-service:8082 with status UP (replication=false)
2025-08-16T22:38:07.570-04:00  INFO 36317 --- [eureka-server] [nio-8761-exec-8] c.n.e.registry.AbstractInstanceRegistry  : Registered instance PAYMENT-SERVICE/kamsurface:payment-service:8022 with status UP (replication=false)
2025-08-16T22:38:11.376-04:00  INFO 36317 --- [eureka-server] [io-8761-exec-10] c.n.e.registry.AbstractInstanceRegistry  : Registered instance ORDER-SERVICE/kamsurface:order-service:8052 with status UP (replication=false)
2025-08-16T22:38:45.309-04:00  INFO 36317 --- [eureka-server] [a-EvictionTimer] c.n.e.registry.AbstractInstanceRegistry  : Running the evict task with compensationTime 0ms
2025-08-16T22:39:45.309-04:00  INFO 36317 --- [eureka-server] [a-EvictionTimer] c.n.e.registry.AbstractInstanceRegistry  : Running the evict task with compensationTime 0ms
2025-08-16T22:40:45.309-04:00  INFO 36317 --- [eureka-server] [a-EvictionTimer] c.n.e.registry.AbstractInstanceRegistry  : Running the evict task with compensationTime 0ms
2025-08-16T22:41:45.309-04:00  INFO 36317 --- [eureka-server] [a-EvictionTimer] c.n.e.registry.AbstractInstanceRegistry  : Running the evict task with compensationTime 0ms
[INFO] ------------------------------------------------------------------------
[INFO] BUILD FAILURE
[INFO] ------------------------------------------------------------------------
[INFO] Total time:  05:06 min
[INFO] Finished at: 2025-08-16T22:42:41-04:00
[INFO] ------------------------------------------------------------------------
[ERROR] Failed to execute goal org.springframework.boot:spring-boot-maven-plugin:3.5.4:run (default-cli) on project eureka-server: Process terminated with exit code: 137 -> [Help 1]
[ERROR] 
[ERROR] To see the full stack trace of the errors, re-run Maven with the -e switch.
[ERROR] Re-run Maven using the -X switch to enable full debug logging.
[ERROR] 
[ERROR] For more information about the errors and possible solutions, please read the following articles:
[ERROR] [Help 1] http://cwiki.apache.org/confluence/display/MAVEN/MojoExecutionException
