[INFO] Scanning for projects...
[INFO] 
[INFO] ----------------------< com.spring:order-service >----------------------
[INFO] Building order-service 0.0.1-SNAPSHOT
[INFO]   from pom.xml
[INFO] --------------------------------[ jar ]---------------------------------
[INFO] 
[INFO] >>> spring-boot:3.5.4:run (default-cli) > test-compile @ order-service >>>
[INFO] 
[INFO] --- resources:3.3.1:resources (default-resources) @ order-service ---
[INFO] Copying 1 resource from src/main/resources to target/classes
[INFO] Copying 0 resource from src/main/resources to target/classes
[INFO] 
[INFO] --- compiler:3.14.0:compile (default-compile) @ order-service ---
[INFO] Nothing to compile - all classes are up to date.
[INFO] 
[INFO] --- resources:3.3.1:testResources (default-testResources) @ order-service ---
[INFO] skip non existing resourceDirectory /home/kamhassan/Desktop/Projects/SmartPOS/micro-services/order-service/src/test/resources
[INFO] 
[INFO] --- compiler:3.14.0:testCompile (default-testCompile) @ order-service ---
[INFO] Nothing to compile - all classes are up to date.
[INFO] 
[INFO] <<< spring-boot:3.5.4:run (default-cli) < test-compile @ order-service <<<
[INFO] 
[INFO] 
[INFO] --- spring-boot:3.5.4:run (default-cli) @ order-service ---
[INFO] Attaching agents: []

  .   ____          _            __ _ _
 /\\ / ___'_ __ _ _(_)_ __  __ _ \ \ \ \
( ( )\___ | '_ | '_| | '_ \/ _` | \ \ \ \
 \\/  ___)| |_)| | | | | || (_| |  ) ) ) )
  '  |____| .__|_| |_|_| |_\__, | / / / /
 =========|_|==============|___/=/_/_/_/

 :: Spring Boot ::                (v3.5.4)

2025-08-16T22:38:08.661-04:00  INFO 37522 --- [order-service] [           main] c.s.o.OrderServiceApplication            : Starting OrderServiceApplication using Java 21.0.7 with PID 37522 (/home/kamhassan/Desktop/Projects/SmartPOS/micro-services/order-service/target/classes started by kamhassan in /home/kamhassan/Desktop/Projects/SmartPOS/micro-services/order-service)
2025-08-16T22:38:08.663-04:00  INFO 37522 --- [order-service] [           main] c.s.o.OrderServiceApplication            : No active profile set, falling back to 1 default profile: "default"
2025-08-16T22:38:08.688-04:00  INFO 37522 --- [order-service] [           main] o.s.c.c.c.ConfigServerConfigDataLoader   : Fetching config from server at : http://localhost:8888
2025-08-16T22:38:08.688-04:00  INFO 37522 --- [order-service] [           main] o.s.c.c.c.ConfigServerConfigDataLoader   : Located environment: name=order-service, profiles=[default], label=null, version=9fb863bef91a2c51304a5281954b948fafa1df27, state=
2025-08-16T22:38:09.083-04:00  INFO 37522 --- [order-service] [           main] .s.d.r.c.RepositoryConfigurationDelegate : Bootstrapping Spring Data JPA repositories in DEFAULT mode.
2025-08-16T22:38:09.163-04:00  INFO 37522 --- [order-service] [           main] .s.d.r.c.RepositoryConfigurationDelegate : Finished Spring Data repository scanning in 73 ms. Found 1 JPA repository interface.
2025-08-16T22:38:09.289-04:00  INFO 37522 --- [order-service] [           main] o.s.cloud.context.scope.GenericScope     : BeanFactory id=bc196ff0-8d07-3c1c-aeae-cadd10d4acb0
2025-08-16T22:38:09.509-04:00  INFO 37522 --- [order-service] [           main] o.s.b.w.embedded.tomcat.TomcatWebServer  : Tomcat initialized with port 8052 (http)
2025-08-16T22:38:09.519-04:00  INFO 37522 --- [order-service] [           main] o.apache.catalina.core.StandardService   : Starting service [Tomcat]
2025-08-16T22:38:09.519-04:00  INFO 37522 --- [order-service] [           main] o.apache.catalina.core.StandardEngine    : Starting Servlet engine: [Apache Tomcat/10.1.43]
2025-08-16T22:38:09.552-04:00  INFO 37522 --- [order-service] [           main] o.a.c.c.C.[Tomcat].[localhost].[/]       : Initializing Spring embedded WebApplicationContext
2025-08-16T22:38:09.553-04:00  INFO 37522 --- [order-service] [           main] w.s.c.ServletWebServerApplicationContext : Root WebApplicationContext: initialization completed in 863 ms
2025-08-16T22:38:09.653-04:00  INFO 37522 --- [order-service] [           main] o.hibernate.jpa.internal.util.LogHelper  : HHH000204: Processing PersistenceUnitInfo [name: default]
2025-08-16T22:38:09.678-04:00  INFO 37522 --- [order-service] [           main] org.hibernate.Version                    : HHH000412: Hibernate ORM core version 6.6.22.Final
2025-08-16T22:38:09.697-04:00  INFO 37522 --- [order-service] [           main] o.h.c.internal.RegionFactoryInitiator    : HHH000026: Second-level cache disabled
2025-08-16T22:38:09.860-04:00  INFO 37522 --- [order-service] [           main] o.s.o.j.p.SpringPersistenceUnitInfo      : No LoadTimeWeaver setup: ignoring JPA class transformer
2025-08-16T22:38:09.876-04:00  INFO 37522 --- [order-service] [           main] com.zaxxer.hikari.HikariDataSource       : HikariPool-1 - Starting...
2025-08-16T22:38:09.985-04:00  INFO 37522 --- [order-service] [           main] com.zaxxer.hikari.pool.HikariPool        : HikariPool-1 - Added connection conn0: url=jdbc:h2:mem:orderdb user=SA
2025-08-16T22:38:09.986-04:00  INFO 37522 --- [order-service] [           main] com.zaxxer.hikari.HikariDataSource       : HikariPool-1 - Start completed.
2025-08-16T22:38:10.000-04:00  WARN 37522 --- [order-service] [           main] org.hibernate.orm.deprecation            : HHH90000025: H2Dialect does not need to be specified explicitly using 'hibernate.dialect' (remove the property setting and it will be selected by default)
2025-08-16T22:38:10.013-04:00  INFO 37522 --- [order-service] [           main] org.hibernate.orm.connections.pooling    : HHH10001005: Database info:
	Database JDBC URL [Connecting through datasource 'HikariDataSource (HikariPool-1)']
	Database driver: undefined/unknown
	Database version: 2.3.232
	Autocommit mode: undefined/unknown
	Isolation level: undefined/unknown
	Minimum pool size: undefined/unknown
	Maximum pool size: undefined/unknown
2025-08-16T22:38:10.448-04:00  INFO 37522 --- [order-service] [           main] o.h.e.t.j.p.i.JtaPlatformInitiator       : HHH000489: No JTA platform available (set 'hibernate.transaction.jta.platform' to enable JTA platform integration)
Hibernate: drop table if exists transaction cascade 
Hibernate: create table transaction (id bigint generated by default as identity, items varchar(255), message varchar(255), status varchar(255), transaction_id varchar(255), primary key (id))
2025-08-16T22:38:10.470-04:00  INFO 37522 --- [order-service] [           main] j.LocalContainerEntityManagerFactoryBean : Initialized JPA EntityManagerFactory for persistence unit 'default'
2025-08-16T22:38:10.536-04:00  WARN 37522 --- [order-service] [           main] JpaBaseConfiguration$JpaWebConfiguration : spring.jpa.open-in-view is enabled by default. Therefore, database queries may be performed during view rendering. Explicitly configure spring.jpa.open-in-view to disable this warning
2025-08-16T22:38:10.637-04:00  INFO 37522 --- [order-service] [           main] o.s.c.openfeign.FeignClientFactoryBean   : For 'inventory-service' URL not provided. Will try picking an instance via load-balancing.
2025-08-16T22:38:10.680-04:00  INFO 37522 --- [order-service] [           main] o.s.c.openfeign.FeignClientFactoryBean   : For 'payment-service' URL not provided. Will try picking an instance via load-balancing.
2025-08-16T22:38:10.799-04:00  INFO 37522 --- [order-service] [           main] o.s.c.openfeign.FeignClientFactoryBean   : For 'product-service' URL not provided. Will try picking an instance via load-balancing.
2025-08-16T22:38:10.800-04:00  WARN 37522 --- [order-service] [           main] o.s.c.o.support.SpringMvcContract        : [OpenFeign Warning] Feign method 'public abstract java.lang.String com.spring.orderservice.feign.ProductClient.getAllProducts(java.util.List<java.lang.Long>)' is declared as GET with parameters, but none of the parameters are annotated (e.g. @RequestParam, @RequestHeader, @PathVariable, etc). This may result in fallback to POST at runtime. Consider explicitly annotating parameters.
2025-08-16T22:38:11.015-04:00  INFO 37522 --- [order-service] [           main] o.s.b.a.h2.H2ConsoleAutoConfiguration    : H2 console available at '/h2-console'. Database available at 'jdbc:h2:mem:orderdb'
2025-08-16T22:38:11.085-04:00  INFO 37522 --- [order-service] [           main] DiscoveryClientOptionalArgsConfiguration : Eureka HTTP Client uses RestTemplate.
2025-08-16T22:38:11.102-04:00  WARN 37522 --- [order-service] [           main] iguration$LoadBalancerCaffeineWarnLogger : Spring Cloud LoadBalancer is currently working with the default cache. While this cache implementation is useful for development and tests, it's recommended to use Caffeine cache in production.You can switch to using Caffeine cache, by adding it and org.springframework.cache.caffeine.CaffeineCacheManager to the classpath.
2025-08-16T22:38:11.122-04:00  INFO 37522 --- [order-service] [           main] o.s.c.n.eureka.InstanceInfoFactory       : Setting initial instance status as: STARTING
2025-08-16T22:38:11.137-04:00  INFO 37522 --- [order-service] [           main] com.netflix.discovery.DiscoveryClient    : Initializing Eureka in region us-east-1
2025-08-16T22:38:11.139-04:00  INFO 37522 --- [order-service] [           main] c.n.d.s.r.aws.ConfigClusterResolver      : Resolving eureka endpoints via configuration
2025-08-16T22:38:11.145-04:00  INFO 37522 --- [order-service] [           main] com.netflix.discovery.DiscoveryClient    : Disable delta property : false
2025-08-16T22:38:11.145-04:00  INFO 37522 --- [order-service] [           main] com.netflix.discovery.DiscoveryClient    : Single vip registry refresh property : null
2025-08-16T22:38:11.145-04:00  INFO 37522 --- [order-service] [           main] com.netflix.discovery.DiscoveryClient    : Force full registry fetch : false
2025-08-16T22:38:11.145-04:00  INFO 37522 --- [order-service] [           main] com.netflix.discovery.DiscoveryClient    : Application is null : false
2025-08-16T22:38:11.145-04:00  INFO 37522 --- [order-service] [           main] com.netflix.discovery.DiscoveryClient    : Registered Applications size is zero : true
2025-08-16T22:38:11.145-04:00  INFO 37522 --- [order-service] [           main] com.netflix.discovery.DiscoveryClient    : Application version is -1: true
2025-08-16T22:38:11.145-04:00  INFO 37522 --- [order-service] [           main] com.netflix.discovery.DiscoveryClient    : Getting all instance registry info from the eureka server
2025-08-16T22:38:11.337-04:00  INFO 37522 --- [order-service] [           main] com.netflix.discovery.DiscoveryClient    : The response status is 200
2025-08-16T22:38:11.339-04:00  INFO 37522 --- [order-service] [           main] com.netflix.discovery.DiscoveryClient    : Starting heartbeat executor: renew interval is: 30
2025-08-16T22:38:11.340-04:00  INFO 37522 --- [order-service] [           main] c.n.discovery.InstanceInfoReplicator     : InstanceInfoReplicator onDemand update allowed rate per min is 4
2025-08-16T22:38:11.341-04:00  INFO 37522 --- [order-service] [           main] com.netflix.discovery.DiscoveryClient    : Discovery Client initialized at timestamp 1755398291341 with initial instances count: 2
2025-08-16T22:38:11.349-04:00  INFO 37522 --- [order-service] [           main] o.s.c.n.e.s.EurekaServiceRegistry        : Registering application ORDER-SERVICE with eureka with status UP
2025-08-16T22:38:11.350-04:00  INFO 37522 --- [order-service] [           main] com.netflix.discovery.DiscoveryClient    : Saw local status change event StatusChangeEvent [timestamp=1755398291350, current=UP, previous=STARTING]
2025-08-16T22:38:11.351-04:00  INFO 37522 --- [order-service] [foReplicator-%d] com.netflix.discovery.DiscoveryClient    : DiscoveryClient_ORDER-SERVICE/kamsurface:order-service:8052: registering service...
2025-08-16T22:38:11.359-04:00  INFO 37522 --- [order-service] [           main] o.s.b.w.embedded.tomcat.TomcatWebServer  : Tomcat started on port 8052 (http) with context path '/'
2025-08-16T22:38:11.360-04:00  INFO 37522 --- [order-service] [           main] .s.c.n.e.s.EurekaAutoServiceRegistration : Updating port to 8052
2025-08-16T22:38:11.372-04:00  INFO 37522 --- [order-service] [           main] c.s.o.OrderServiceApplication            : Started OrderServiceApplication in 3.503 seconds (process running for 3.892)
2025-08-16T22:38:11.377-04:00  INFO 37522 --- [order-service] [foReplicator-%d] com.netflix.discovery.DiscoveryClient    : DiscoveryClient_ORDER-SERVICE/kamsurface:order-service:8052 - registration status: 204
[INFO] ------------------------------------------------------------------------
[INFO] BUILD FAILURE
[INFO] ------------------------------------------------------------------------
[INFO] Total time:  03:28 min
[INFO] Finished at: 2025-08-16T22:41:34-04:00
[INFO] ------------------------------------------------------------------------
[ERROR] Failed to execute goal org.springframework.boot:spring-boot-maven-plugin:3.5.4:run (default-cli) on project order-service: Process terminated with exit code: 137 -> [Help 1]
[ERROR] 
[ERROR] To see the full stack trace of the errors, re-run Maven with the -e switch.
[ERROR] Re-run Maven using the -X switch to enable full debug logging.
[ERROR] 
[ERROR] For more information about the errors and possible solutions, please read the following articles:
[ERROR] [Help 1] http://cwiki.apache.org/confluence/display/MAVEN/MojoExecutionException
