[INFO] Scanning for projects...
[INFO] 
[INFO] ---------------------< com.spring:product-service >---------------------
[INFO] Building product-service 0.0.1-SNAPSHOT
[INFO]   from pom.xml
[INFO] --------------------------------[ jar ]---------------------------------
[INFO] 
[INFO] >>> spring-boot:3.5.4:run (default-cli) > test-compile @ product-service >>>
[INFO] 
[INFO] --- resources:3.3.1:resources (default-resources) @ product-service ---
[INFO] Copying 1 resource from src/main/resources to target/classes
[INFO] Copying 1 resource from src/main/resources to target/classes
[INFO] 
[INFO] --- compiler:3.14.0:compile (default-compile) @ product-service ---
[INFO] Nothing to compile - all classes are up to date.
[INFO] 
[INFO] --- resources:3.3.1:testResources (default-testResources) @ product-service ---
[INFO] skip non existing resourceDirectory /home/kamhassan/Desktop/Projects/SmartPOS/micro-services/product-service/src/test/resources
[INFO] 
[INFO] --- compiler:3.14.0:testCompile (default-testCompile) @ product-service ---
[INFO] Nothing to compile - all classes are up to date.
[INFO] 
[INFO] <<< spring-boot:3.5.4:run (default-cli) < test-compile @ product-service <<<
[INFO] 
[INFO] 
[INFO] --- spring-boot:3.5.4:run (default-cli) @ product-service ---
[INFO] Attaching agents: []

  .   ____          _            __ _ _
 /\\ / ___'_ __ _ _(_)_ __  __ _ \ \ \ \
( ( )\___ | '_ | '_| | '_ \/ _` | \ \ \ \
 \\/  ___)| |_)| | | | | || (_| |  ) ) ) )
  '  |____| .__|_| |_|_| |_\__, | / / / /
 =========|_|==============|___/=/_/_/_/

 :: Spring Boot ::                (v3.5.4)

2025-08-16T22:37:57.692-04:00  INFO 37060 --- [product-service] [           main] c.s.p.ProductServiceApplication          : Starting ProductServiceApplication using Java 21.0.7 with PID 37060 (/home/kamhassan/Desktop/Projects/SmartPOS/micro-services/product-service/target/classes started by kamhassan in /home/kamhassan/Desktop/Projects/SmartPOS/micro-services/product-service)
2025-08-16T22:37:57.694-04:00  INFO 37060 --- [product-service] [           main] c.s.p.ProductServiceApplication          : No active profile set, falling back to 1 default profile: "default"
2025-08-16T22:37:57.731-04:00  INFO 37060 --- [product-service] [           main] o.s.c.c.c.ConfigServerConfigDataLoader   : Fetching config from server at : http://localhost:8888
2025-08-16T22:37:57.732-04:00  INFO 37060 --- [product-service] [           main] o.s.c.c.c.ConfigServerConfigDataLoader   : Located environment: name=product-service, profiles=[default], label=null, version=9fb863bef91a2c51304a5281954b948fafa1df27, state=
2025-08-16T22:37:58.348-04:00  INFO 37060 --- [product-service] [           main] .s.d.r.c.RepositoryConfigurationDelegate : Bootstrapping Spring Data JPA repositories in DEFAULT mode.
2025-08-16T22:37:58.499-04:00  INFO 37060 --- [product-service] [           main] .s.d.r.c.RepositoryConfigurationDelegate : Finished Spring Data repository scanning in 144 ms. Found 1 JPA repository interface.
2025-08-16T22:37:58.624-04:00  INFO 37060 --- [product-service] [           main] o.s.cloud.context.scope.GenericScope     : BeanFactory id=0130ab41-5d97-3121-a181-057f73d15551
2025-08-16T22:37:58.904-04:00  INFO 37060 --- [product-service] [           main] o.s.b.w.embedded.tomcat.TomcatWebServer  : Tomcat initialized with port 8082 (http)
2025-08-16T22:37:58.923-04:00  INFO 37060 --- [product-service] [           main] o.apache.catalina.core.StandardService   : Starting service [Tomcat]
2025-08-16T22:37:58.924-04:00  INFO 37060 --- [product-service] [           main] o.apache.catalina.core.StandardEngine    : Starting Servlet engine: [Apache Tomcat/10.1.43]
2025-08-16T22:37:58.968-04:00  INFO 37060 --- [product-service] [           main] o.a.c.c.C.[Tomcat].[localhost].[/]       : Initializing Spring embedded WebApplicationContext
2025-08-16T22:37:58.969-04:00  INFO 37060 --- [product-service] [           main] w.s.c.ServletWebServerApplicationContext : Root WebApplicationContext: initialization completed in 1234 ms
2025-08-16T22:37:59.129-04:00  INFO 37060 --- [product-service] [           main] o.hibernate.jpa.internal.util.LogHelper  : HHH000204: Processing PersistenceUnitInfo [name: default]
2025-08-16T22:37:59.182-04:00  INFO 37060 --- [product-service] [           main] org.hibernate.Version                    : HHH000412: Hibernate ORM core version 6.6.22.Final
2025-08-16T22:37:59.231-04:00  INFO 37060 --- [product-service] [           main] o.h.c.internal.RegionFactoryInitiator    : HHH000026: Second-level cache disabled
2025-08-16T22:37:59.519-04:00  INFO 37060 --- [product-service] [           main] o.s.o.j.p.SpringPersistenceUnitInfo      : No LoadTimeWeaver setup: ignoring JPA class transformer
2025-08-16T22:37:59.542-04:00  INFO 37060 --- [product-service] [           main] com.zaxxer.hikari.HikariDataSource       : HikariPool-1 - Starting...
2025-08-16T22:37:59.709-04:00  INFO 37060 --- [product-service] [           main] com.zaxxer.hikari.pool.HikariPool        : HikariPool-1 - Added connection conn0: url=jdbc:h2:mem:productdb user=SA
2025-08-16T22:37:59.711-04:00  INFO 37060 --- [product-service] [           main] com.zaxxer.hikari.HikariDataSource       : HikariPool-1 - Start completed.
2025-08-16T22:37:59.732-04:00  WARN 37060 --- [product-service] [           main] org.hibernate.orm.deprecation            : HHH90000025: H2Dialect does not need to be specified explicitly using 'hibernate.dialect' (remove the property setting and it will be selected by default)
2025-08-16T22:37:59.755-04:00  INFO 37060 --- [product-service] [           main] org.hibernate.orm.connections.pooling    : HHH10001005: Database info:
	Database JDBC URL [Connecting through datasource 'HikariDataSource (HikariPool-1)']
	Database driver: undefined/unknown
	Database version: 2.3.232
	Autocommit mode: undefined/unknown
	Isolation level: undefined/unknown
	Minimum pool size: undefined/unknown
	Maximum pool size: undefined/unknown
2025-08-16T22:38:00.608-04:00  INFO 37060 --- [product-service] [           main] o.h.e.t.j.p.i.JtaPlatformInitiator       : HHH000489: No JTA platform available (set 'hibernate.transaction.jta.platform' to enable JTA platform integration)
Hibernate: drop table if exists product cascade 
Hibernate: create table product (price float(53), id bigint generated by default as identity, brand varchar(255), category varchar(255), description varchar(255), name varchar(255), primary key (id))
2025-08-16T22:38:00.667-04:00  INFO 37060 --- [product-service] [           main] j.LocalContainerEntityManagerFactoryBean : Initialized JPA EntityManagerFactory for persistence unit 'default'
2025-08-16T22:38:00.953-04:00  WARN 37060 --- [product-service] [           main] JpaBaseConfiguration$JpaWebConfiguration : spring.jpa.open-in-view is enabled by default. Therefore, database queries may be performed during view rendering. Explicitly configure spring.jpa.open-in-view to disable this warning
2025-08-16T22:38:01.674-04:00  INFO 37060 --- [product-service] [           main] o.s.b.a.h2.H2ConsoleAutoConfiguration    : H2 console available at '/h2-console'. Database available at 'jdbc:h2:mem:productdb'
2025-08-16T22:38:01.883-04:00  INFO 37060 --- [product-service] [           main] DiscoveryClientOptionalArgsConfiguration : Eureka HTTP Client uses RestTemplate.
2025-08-16T22:38:01.937-04:00  WARN 37060 --- [product-service] [           main] iguration$LoadBalancerCaffeineWarnLogger : Spring Cloud LoadBalancer is currently working with the default cache. While this cache implementation is useful for development and tests, it's recommended to use Caffeine cache in production.You can switch to using Caffeine cache, by adding it and org.springframework.cache.caffeine.CaffeineCacheManager to the classpath.
2025-08-16T22:38:01.985-04:00  INFO 37060 --- [product-service] [           main] o.s.c.n.eureka.InstanceInfoFactory       : Setting initial instance status as: STARTING
2025-08-16T22:38:02.018-04:00  INFO 37060 --- [product-service] [           main] com.netflix.discovery.DiscoveryClient    : Initializing Eureka in region us-east-1
2025-08-16T22:38:02.021-04:00  INFO 37060 --- [product-service] [           main] c.n.d.s.r.aws.ConfigClusterResolver      : Resolving eureka endpoints via configuration
2025-08-16T22:38:02.033-04:00  INFO 37060 --- [product-service] [           main] com.netflix.discovery.DiscoveryClient    : Disable delta property : false
2025-08-16T22:38:02.033-04:00  INFO 37060 --- [product-service] [           main] com.netflix.discovery.DiscoveryClient    : Single vip registry refresh property : null
2025-08-16T22:38:02.034-04:00  INFO 37060 --- [product-service] [           main] com.netflix.discovery.DiscoveryClient    : Force full registry fetch : false
2025-08-16T22:38:02.034-04:00  INFO 37060 --- [product-service] [           main] com.netflix.discovery.DiscoveryClient    : Application is null : false
2025-08-16T22:38:02.034-04:00  INFO 37060 --- [product-service] [           main] com.netflix.discovery.DiscoveryClient    : Registered Applications size is zero : true
2025-08-16T22:38:02.034-04:00  INFO 37060 --- [product-service] [           main] com.netflix.discovery.DiscoveryClient    : Application version is -1: true
2025-08-16T22:38:02.034-04:00  INFO 37060 --- [product-service] [           main] com.netflix.discovery.DiscoveryClient    : Getting all instance registry info from the eureka server
2025-08-16T22:38:02.442-04:00  INFO 37060 --- [product-service] [           main] com.netflix.discovery.DiscoveryClient    : The response status is 200
2025-08-16T22:38:02.445-04:00  INFO 37060 --- [product-service] [           main] com.netflix.discovery.DiscoveryClient    : Starting heartbeat executor: renew interval is: 30
2025-08-16T22:38:02.449-04:00  INFO 37060 --- [product-service] [           main] c.n.discovery.InstanceInfoReplicator     : InstanceInfoReplicator onDemand update allowed rate per min is 4
2025-08-16T22:38:02.452-04:00  INFO 37060 --- [product-service] [           main] com.netflix.discovery.DiscoveryClient    : Discovery Client initialized at timestamp 1755398282452 with initial instances count: 2
2025-08-16T22:38:02.457-04:00  INFO 37060 --- [product-service] [           main] o.s.c.n.e.s.EurekaServiceRegistry        : Registering application PRODUCT-SERVICE with eureka with status UP
2025-08-16T22:38:02.458-04:00  INFO 37060 --- [product-service] [           main] com.netflix.discovery.DiscoveryClient    : Saw local status change event StatusChangeEvent [timestamp=1755398282458, current=UP, previous=STARTING]
2025-08-16T22:38:02.461-04:00  INFO 37060 --- [product-service] [foReplicator-%d] com.netflix.discovery.DiscoveryClient    : DiscoveryClient_PRODUCT-SERVICE/kamsurface:product-service:8082: registering service...
2025-08-16T22:38:02.501-04:00  INFO 37060 --- [product-service] [           main] o.s.b.w.embedded.tomcat.TomcatWebServer  : Tomcat started on port 8082 (http) with context path '/'
2025-08-16T22:38:02.502-04:00  INFO 37060 --- [product-service] [           main] .s.c.n.e.s.EurekaAutoServiceRegistration : Updating port to 8082
2025-08-16T22:38:02.533-04:00  INFO 37060 --- [product-service] [           main] c.s.p.ProductServiceApplication          : Started ProductServiceApplication in 5.888 seconds (process running for 6.432)
2025-08-16T22:38:02.535-04:00  INFO 37060 --- [product-service] [foReplicator-%d] com.netflix.discovery.DiscoveryClient    : DiscoveryClient_PRODUCT-SERVICE/kamsurface:product-service:8082 - registration status: 204
[INFO] ------------------------------------------------------------------------
[INFO] BUILD FAILURE
[INFO] ------------------------------------------------------------------------
[INFO] Total time:  04:23 min
[INFO] Finished at: 2025-08-16T22:42:17-04:00
[INFO] ------------------------------------------------------------------------
[ERROR] Failed to execute goal org.springframework.boot:spring-boot-maven-plugin:3.5.4:run (default-cli) on project product-service: Process terminated with exit code: 137 -> [Help 1]
[ERROR] 
[ERROR] To see the full stack trace of the errors, re-run Maven with the -e switch.
[ERROR] Re-run Maven using the -X switch to enable full debug logging.
[ERROR] 
[ERROR] For more information about the errors and possible solutions, please read the following articles:
[ERROR] [Help 1] http://cwiki.apache.org/confluence/display/MAVEN/MojoExecutionException
